<?xml version="1.0" encoding="UTF-8"?>
<testsuite xmlns:xsi="http://www.w3.org/2001/XMLSchema-instance" xsi:noNamespaceSchemaLocation="https://maven.apache.org/surefire/maven-surefire-plugin/xsd/surefire-test-report.xsd" name="com.gao.eureka.myeureka.AppTest" time="0.007" tests="1" errors="0" skipped="0" failures="0">
  <properties>
    <property name="sun.desktop" value="windows"/>
    <property name="awt.toolkit" value="sun.awt.windows.WToolkit"/>
    <property name="file.encoding.pkg" value="sun.io"/>
    <property name="java.specification.version" value="1.8"/>
    <property name="sun.cpu.isalist" value="amd64"/>
    <property name="sun.jnu.encoding" value="GBK"/>
    <property name="java.class.path" value="D:\eclipse_2020_workspace\myeureka\target\test-classes;D:\eclipse_2020_workspace\myeureka\target\classes;D:\myRepository\m2\repository2\org\springframework\cloud\spring-cloud-starter-netflix-eureka-server\2.2.0.RELEASE\spring-cloud-starter-netflix-eureka-server-2.2.0.RELEASE.jar;D:\myRepository\m2\repository2\org\springframework\cloud\spring-cloud-starter\2.2.0.RELEASE\spring-cloud-starter-2.2.0.RELEASE.jar;D:\myRepository\m2\repository2\org\springframework\boot\spring-boot-starter\2.2.0.RELEASE\spring-boot-starter-2.2.0.RELEASE.jar;D:\myRepository\m2\repository2\org\springframework\boot\spring-boot\2.2.0.RELEASE\spring-boot-2.2.0.RELEASE.jar;D:\myRepository\m2\repository2\org\springframework\spring-context\5.2.0.RELEASE\spring-context-5.2.0.RELEASE.jar;D:\myRepository\m2\repository2\org\springframework\boot\spring-boot-autoconfigure\2.2.0.RELEASE\spring-boot-autoconfigure-2.2.0.RELEASE.jar;D:\myRepository\m2\repository2\org\springframework\boot\spring-boot-starter-logging\2.2.0.RELEASE\spring-boot-starter-logging-2.2.0.RELEASE.jar;D:\myRepository\m2\repository2\ch\qos\logback\logback-classic\1.2.3\logback-classic-1.2.3.jar;D:\myRepository\m2\repository2\ch\qos\logback\logback-core\1.2.3\logback-core-1.2.3.jar;D:\myRepository\m2\repository2\org\apache\logging\log4j\log4j-to-slf4j\2.12.1\log4j-to-slf4j-2.12.1.jar;D:\myRepository\m2\repository2\org\apache\logging\log4j\log4j-api\2.12.1\log4j-api-2.12.1.jar;D:\myRepository\m2\repository2\org\slf4j\jul-to-slf4j\1.7.28\jul-to-slf4j-1.7.28.jar;D:\myRepository\m2\repository2\jakarta\annotation\jakarta.annotation-api\1.3.5\jakarta.annotation-api-1.3.5.jar;D:\myRepository\m2\repository2\org\springframework\spring-core\5.2.0.RELEASE\spring-core-5.2.0.RELEASE.jar;D:\myRepository\m2\repository2\org\springframework\spring-jcl\5.2.0.RELEASE\spring-jcl-5.2.0.RELEASE.jar;D:\myRepository\m2\repository2\org\yaml\snakeyaml\1.25\snakeyaml-1.25.jar;D:\myRepository\m2\repository2\org\springframework\cloud\spring-cloud-context\2.2.0.RELEASE\spring-cloud-context-2.2.0.RELEASE.jar;D:\myRepository\m2\repository2\org\springframework\security\spring-security-crypto\5.2.0.RELEASE\spring-security-crypto-5.2.0.RELEASE.jar;D:\myRepository\m2\repository2\org\springframework\cloud\spring-cloud-commons\2.2.0.RELEASE\spring-cloud-commons-2.2.0.RELEASE.jar;D:\myRepository\m2\repository2\org\springframework\security\spring-security-rsa\1.0.7.RELEASE\spring-security-rsa-1.0.7.RELEASE.jar;D:\myRepository\m2\repository2\org\bouncycastle\bcpkix-jdk15on\1.60\bcpkix-jdk15on-1.60.jar;D:\myRepository\m2\repository2\org\bouncycastle\bcprov-jdk15on\1.60\bcprov-jdk15on-1.60.jar;D:\myRepository\m2\repository2\org\springframework\cloud\spring-cloud-netflix-eureka-server\2.2.0.RELEASE\spring-cloud-netflix-eureka-server-2.2.0.RELEASE.jar;D:\myRepository\m2\repository2\org\springframework\boot\spring-boot-starter-web\2.2.0.RELEASE\spring-boot-starter-web-2.2.0.RELEASE.jar;D:\myRepository\m2\repository2\org\springframework\boot\spring-boot-starter-json\2.2.0.RELEASE\spring-boot-starter-json-2.2.0.RELEASE.jar;D:\myRepository\m2\repository2\com\fasterxml\jackson\datatype\jackson-datatype-jdk8\2.10.0\jackson-datatype-jdk8-2.10.0.jar;D:\myRepository\m2\repository2\com\fasterxml\jackson\datatype\jackson-datatype-jsr310\2.10.0\jackson-datatype-jsr310-2.10.0.jar;D:\myRepository\m2\repository2\com\fasterxml\jackson\module\jackson-module-parameter-names\2.10.0\jackson-module-parameter-names-2.10.0.jar;D:\myRepository\m2\repository2\org\springframework\boot\spring-boot-starter-tomcat\2.2.0.RELEASE\spring-boot-starter-tomcat-2.2.0.RELEASE.jar;D:\myRepository\m2\repository2\org\apache\tomcat\embed\tomcat-embed-core\9.0.27\tomcat-embed-core-9.0.27.jar;D:\myRepository\m2\repository2\org\apache\tomcat\embed\tomcat-embed-el\9.0.27\tomcat-embed-el-9.0.27.jar;D:\myRepository\m2\repository2\org\apache\tomcat\embed\tomcat-embed-websocket\9.0.27\tomcat-embed-websocket-9.0.27.jar;D:\myRepository\m2\repository2\org\springframework\boot\spring-boot-starter-validation\2.2.0.RELEASE\spring-boot-starter-validation-2.2.0.RELEASE.jar;D:\myRepository\m2\repository2\jakarta\validation\jakarta.validation-api\2.0.1\jakarta.validation-api-2.0.1.jar;D:\myRepository\m2\repository2\org\hibernate\validator\hibernate-validator\6.0.17.Final\hibernate-validator-6.0.17.Final.jar;D:\myRepository\m2\repository2\org\jboss\logging\jboss-logging\3.4.1.Final\jboss-logging-3.4.1.Final.jar;D:\myRepository\m2\repository2\com\fasterxml\classmate\1.5.0\classmate-1.5.0.jar;D:\myRepository\m2\repository2\org\springframework\spring-web\5.2.0.RELEASE\spring-web-5.2.0.RELEASE.jar;D:\myRepository\m2\repository2\org\springframework\spring-beans\5.2.0.RELEASE\spring-beans-5.2.0.RELEASE.jar;D:\myRepository\m2\repository2\org\springframework\spring-webmvc\5.2.0.RELEASE\spring-webmvc-5.2.0.RELEASE.jar;D:\myRepository\m2\repository2\org\springframework\spring-aop\5.2.0.RELEASE\spring-aop-5.2.0.RELEASE.jar;D:\myRepository\m2\repository2\org\springframework\spring-expression\5.2.0.RELEASE\spring-expression-5.2.0.RELEASE.jar;D:\myRepository\m2\repository2\org\springframework\boot\spring-boot-starter-actuator\2.2.0.RELEASE\spring-boot-starter-actuator-2.2.0.RELEASE.jar;D:\myRepository\m2\repository2\org\springframework\boot\spring-boot-actuator-autoconfigure\2.2.0.RELEASE\spring-boot-actuator-autoconfigure-2.2.0.RELEASE.jar;D:\myRepository\m2\repository2\org\springframework\boot\spring-boot-actuator\2.2.0.RELEASE\spring-boot-actuator-2.2.0.RELEASE.jar;D:\myRepository\m2\repository2\io\micrometer\micrometer-core\1.3.0\micrometer-core-1.3.0.jar;D:\myRepository\m2\repository2\org\hdrhistogram\HdrHistogram\2.1.11\HdrHistogram-2.1.11.jar;D:\myRepository\m2\repository2\org\latencyutils\LatencyUtils\2.0.3\LatencyUtils-2.0.3.jar;D:\myRepository\m2\repository2\org\springframework\boot\spring-boot-starter-freemarker\2.2.0.RELEASE\spring-boot-starter-freemarker-2.2.0.RELEASE.jar;D:\myRepository\m2\repository2\org\freemarker\freemarker\2.3.29\freemarker-2.3.29.jar;D:\myRepository\m2\repository2\org\springframework\spring-context-support\5.2.0.RELEASE\spring-context-support-5.2.0.RELEASE.jar;D:\myRepository\m2\repository2\org\springframework\cloud\spring-cloud-netflix-hystrix\2.2.0.RELEASE\spring-cloud-netflix-hystrix-2.2.0.RELEASE.jar;D:\myRepository\m2\repository2\org\springframework\boot\spring-boot-starter-aop\2.2.0.RELEASE\spring-boot-starter-aop-2.2.0.RELEASE.jar;D:\myRepository\m2\repository2\org\aspectj\aspectjweaver\1.9.4\aspectjweaver-1.9.4.jar;D:\myRepository\m2\repository2\org\springframework\cloud\spring-cloud-netflix-eureka-client\2.2.0.RELEASE\spring-cloud-netflix-eureka-client-2.2.0.RELEASE.jar;D:\myRepository\m2\repository2\com\netflix\eureka\eureka-client\1.9.13\eureka-client-1.9.13.jar;D:\myRepository\m2\repository2\org\codehaus\jettison\jettison\1.3.7\jettison-1.3.7.jar;D:\myRepository\m2\repository2\stax\stax-api\1.0.1\stax-api-1.0.1.jar;D:\myRepository\m2\repository2\com\netflix\netflix-commons\netflix-eventbus\0.3.0\netflix-eventbus-0.3.0.jar;D:\myRepository\m2\repository2\com\netflix\netflix-commons\netflix-infix\0.3.0\netflix-infix-0.3.0.jar;D:\myRepository\m2\repository2\commons-jxpath\commons-jxpath\1.3\commons-jxpath-1.3.jar;D:\myRepository\m2\repository2\org\antlr\antlr-runtime\3.4\antlr-runtime-3.4.jar;D:\myRepository\m2\repository2\org\antlr\stringtemplate\3.2.1\stringtemplate-3.2.1.jar;D:\myRepository\m2\repository2\antlr\antlr\2.7.7\antlr-2.7.7.jar;D:\myRepository\m2\repository2\com\google\code\gson\gson\2.8.6\gson-2.8.6.jar;D:\myRepository\m2\repository2\org\apache\commons\commons-math\2.2\commons-math-2.2.jar;D:\myRepository\m2\repository2\javax\ws\rs\jsr311-api\1.1.1\jsr311-api-1.1.1.jar;D:\myRepository\m2\repository2\com\netflix\servo\servo-core\0.12.21\servo-core-0.12.21.jar;D:\myRepository\m2\repository2\com\sun\jersey\jersey-core\1.19.1\jersey-core-1.19.1.jar;D:\myRepository\m2\repository2\com\sun\jersey\contribs\jersey-apache-client4\1.19.1\jersey-apache-client4-1.19.1.jar;D:\myRepository\m2\repository2\org\apache\httpcomponents\httpclient\4.5.10\httpclient-4.5.10.jar;D:\myRepository\m2\repository2\org\apache\httpcomponents\httpcore\4.4.12\httpcore-4.4.12.jar;D:\myRepository\m2\repository2\commons-codec\commons-codec\1.13\commons-codec-1.13.jar;D:\myRepository\m2\repository2\com\google\inject\guice\4.1.0\guice-4.1.0.jar;D:\myRepository\m2\repository2\aopalliance\aopalliance\1.0\aopalliance-1.0.jar;D:\myRepository\m2\repository2\com\fasterxml\jackson\core\jackson-annotations\2.10.0\jackson-annotations-2.10.0.jar;D:\myRepository\m2\repository2\com\fasterxml\jackson\core\jackson-core\2.10.0\jackson-core-2.10.0.jar;D:\myRepository\m2\repository2\com\fasterxml\jackson\core\jackson-databind\2.10.0\jackson-databind-2.10.0.jar;D:\myRepository\m2\repository2\com\sun\jersey\jersey-servlet\1.19.1\jersey-servlet-1.19.1.jar;D:\myRepository\m2\repository2\com\sun\jersey\jersey-server\1.19.1\jersey-server-1.19.1.jar;D:\myRepository\m2\repository2\com\sun\jersey\jersey-client\1.19.1\jersey-client-1.19.1.jar;D:\myRepository\m2\repository2\com\netflix\eureka\eureka-core\1.9.13\eureka-core-1.9.13.jar;D:\myRepository\m2\repository2\com\amazonaws\aws-java-sdk-core\1.11.277\aws-java-sdk-core-1.11.277.jar;D:\myRepository\m2\repository2\commons-logging\commons-logging\1.1.3\commons-logging-1.1.3.jar;D:\myRepository\m2\repository2\software\amazon\ion\ion-java\1.0.2\ion-java-1.0.2.jar;D:\myRepository\m2\repository2\com\fasterxml\jackson\dataformat\jackson-dataformat-cbor\2.10.0\jackson-dataformat-cbor-2.10.0.jar;D:\myRepository\m2\repository2\joda-time\joda-time\2.10.4\joda-time-2.10.4.jar;D:\myRepository\m2\repository2\com\amazonaws\aws-java-sdk-ec2\1.11.277\aws-java-sdk-ec2-1.11.277.jar;D:\myRepository\m2\repository2\com\amazonaws\jmespath-java\1.11.277\jmespath-java-1.11.277.jar;D:\myRepository\m2\repository2\com\amazonaws\aws-java-sdk-autoscaling\1.11.277\aws-java-sdk-autoscaling-1.11.277.jar;D:\myRepository\m2\repository2\com\amazonaws\aws-java-sdk-sts\1.11.277\aws-java-sdk-sts-1.11.277.jar;D:\myRepository\m2\repository2\com\amazonaws\aws-java-sdk-route53\1.11.277\aws-java-sdk-route53-1.11.277.jar;D:\myRepository\m2\repository2\javax\servlet\servlet-api\2.5\servlet-api-2.5.jar;D:\myRepository\m2\repository2\com\fasterxml\woodstox\woodstox-core\5.2.1\woodstox-core-5.2.1.jar;D:\myRepository\m2\repository2\com\netflix\archaius\archaius-core\0.7.6\archaius-core-0.7.6.jar;D:\myRepository\m2\repository2\com\google\code\findbugs\jsr305\3.0.1\jsr305-3.0.1.jar;D:\myRepository\m2\repository2\com\google\guava\guava\16.0\guava-16.0.jar;D:\myRepository\m2\repository2\javax\inject\javax.inject\1\javax.inject-1.jar;D:\myRepository\m2\repository2\com\fasterxml\jackson\dataformat\jackson-dataformat-xml\2.10.0\jackson-dataformat-xml-2.10.0.jar;D:\myRepository\m2\repository2\com\fasterxml\jackson\module\jackson-module-jaxb-annotations\2.10.0\jackson-module-jaxb-annotations-2.10.0.jar;D:\myRepository\m2\repository2\org\codehaus\woodstox\stax2-api\4.2\stax2-api-4.2.jar;D:\myRepository\m2\repository2\com\thoughtworks\xstream\xstream\1.4.11.1\xstream-1.4.11.1.jar;D:\myRepository\m2\repository2\xmlpull\xmlpull\1.1.3.1\xmlpull-1.1.3.1.jar;D:\myRepository\m2\repository2\xpp3\xpp3_min\1.1.4c\xpp3_min-1.1.4c.jar;D:\myRepository\m2\repository2\org\springframework\cloud\spring-cloud-starter-netflix-archaius\2.2.0.RELEASE\spring-cloud-starter-netflix-archaius-2.2.0.RELEASE.jar;D:\myRepository\m2\repository2\org\springframework\cloud\spring-cloud-netflix-ribbon\2.2.0.RELEASE\spring-cloud-netflix-ribbon-2.2.0.RELEASE.jar;D:\myRepository\m2\repository2\org\springframework\cloud\spring-cloud-netflix-archaius\2.2.0.RELEASE\spring-cloud-netflix-archaius-2.2.0.RELEASE.jar;D:\myRepository\m2\repository2\commons-configuration\commons-configuration\1.8\commons-configuration-1.8.jar;D:\myRepository\m2\repository2\commons-lang\commons-lang\2.6\commons-lang-2.6.jar;D:\myRepository\m2\repository2\org\springframework\cloud\spring-cloud-starter-netflix-ribbon\2.2.0.RELEASE\spring-cloud-starter-netflix-ribbon-2.2.0.RELEASE.jar;D:\myRepository\m2\repository2\com\netflix\ribbon\ribbon\2.3.0\ribbon-2.3.0.jar;D:\myRepository\m2\repository2\com\netflix\ribbon\ribbon-transport\2.3.0\ribbon-transport-2.3.0.jar;D:\myRepository\m2\repository2\io\reactivex\rxnetty-contexts\0.4.9\rxnetty-contexts-0.4.9.jar;D:\myRepository\m2\repository2\io\reactivex\rxnetty-servo\0.4.9\rxnetty-servo-0.4.9.jar;D:\myRepository\m2\repository2\com\netflix\hystrix\hystrix-core\1.4.3\hystrix-core-1.4.3.jar;D:\myRepository\m2\repository2\io\reactivex\rxnetty\0.4.9\rxnetty-0.4.9.jar;D:\myRepository\m2\repository2\com\netflix\ribbon\ribbon-core\2.3.0\ribbon-core-2.3.0.jar;D:\myRepository\m2\repository2\com\netflix\ribbon\ribbon-httpclient\2.3.0\ribbon-httpclient-2.3.0.jar;D:\myRepository\m2\repository2\commons-collections\commons-collections\3.2.2\commons-collections-3.2.2.jar;D:\myRepository\m2\repository2\com\netflix\netflix-commons\netflix-commons-util\0.1.1\netflix-commons-util-0.1.1.jar;D:\myRepository\m2\repository2\com\netflix\ribbon\ribbon-loadbalancer\2.3.0\ribbon-loadbalancer-2.3.0.jar;D:\myRepository\m2\repository2\com\netflix\netflix-commons\netflix-statistics\0.1.1\netflix-statistics-0.1.1.jar;D:\myRepository\m2\repository2\io\reactivex\rxjava\1.3.8\rxjava-1.3.8.jar;D:\myRepository\m2\repository2\org\springframework\cloud\spring-cloud-starter-loadbalancer\2.2.0.RELEASE\spring-cloud-starter-loadbalancer-2.2.0.RELEASE.jar;D:\myRepository\m2\repository2\org\springframework\cloud\spring-cloud-loadbalancer\2.2.0.RELEASE\spring-cloud-loadbalancer-2.2.0.RELEASE.jar;D:\myRepository\m2\repository2\io\projectreactor\reactor-core\3.3.0.RELEASE\reactor-core-3.3.0.RELEASE.jar;D:\myRepository\m2\repository2\org\reactivestreams\reactive-streams\1.0.3\reactive-streams-1.0.3.jar;D:\myRepository\m2\repository2\io\projectreactor\addons\reactor-extra\3.3.0.RELEASE\reactor-extra-3.3.0.RELEASE.jar;D:\myRepository\m2\repository2\org\springframework\boot\spring-boot-starter-cache\2.2.0.RELEASE\spring-boot-starter-cache-2.2.0.RELEASE.jar;D:\myRepository\m2\repository2\com\stoyanr\evictor\1.0.0\evictor-1.0.0.jar;D:\myRepository\m2\repository2\com\netflix\ribbon\ribbon-eureka\2.3.0\ribbon-eureka-2.3.0.jar;D:\myRepository\m2\repository2\org\slf4j\slf4j-api\1.7.28\slf4j-api-1.7.28.jar;D:\myRepository\m2\repository2\org\glassfish\jaxb\jaxb-runtime\2.3.2\jaxb-runtime-2.3.2.jar;D:\myRepository\m2\repository2\jakarta\xml\bind\jakarta.xml.bind-api\2.3.2\jakarta.xml.bind-api-2.3.2.jar;D:\myRepository\m2\repository2\org\glassfish\jaxb\txw2\2.3.2\txw2-2.3.2.jar;D:\myRepository\m2\repository2\com\sun\istack\istack-commons-runtime\3.0.8\istack-commons-runtime-3.0.8.jar;D:\myRepository\m2\repository2\org\jvnet\staxex\stax-ex\1.8.1\stax-ex-1.8.1.jar;D:\myRepository\m2\repository2\com\sun\xml\fastinfoset\FastInfoset\1.2.16\FastInfoset-1.2.16.jar;D:\myRepository\m2\repository2\jakarta\activation\jakarta.activation-api\1.2.1\jakarta.activation-api-1.2.1.jar;D:\myRepository\m2\repository2\junit\junit\3.8.1\junit-3.8.1.jar;"/>
    <property name="java.vm.vendor" value="Oracle Corporation"/>
    <property name="sun.arch.data.model" value="64"/>
    <property name="user.variant" value=""/>
    <property name="java.vendor.url" value="http://java.oracle.com/"/>
    <property name="user.timezone" value="Asia/Shanghai"/>
    <property name="java.vm.specification.version" value="1.8"/>
    <property name="os.name" value="Windows 7"/>
    <property name="user.country" value="CN"/>
    <property name="sun.java.launcher" value="SUN_STANDARD"/>
    <property name="sun.boot.library.path" value="C:\Program Files\Java\jdk1.8.0_131\jre\bin"/>
    <property name="sun.java.command" value="C:\Users\eversec\AppData\Local\Temp\surefire1001348969899247052\surefirebooter706637193951636236.jar C:\Users\eversec\AppData\Local\Temp\surefire1001348969899247052 2020-06-13T19-06-52_678-jvmRun1 surefire5243183810787141612tmp surefire_08257219017298975470tmp"/>
    <property name="surefire.test.class.path" value="D:\eclipse_2020_workspace\myeureka\target\test-classes;D:\eclipse_2020_workspace\myeureka\target\classes;D:\myRepository\m2\repository2\org\springframework\cloud\spring-cloud-starter-netflix-eureka-server\2.2.0.RELEASE\spring-cloud-starter-netflix-eureka-server-2.2.0.RELEASE.jar;D:\myRepository\m2\repository2\org\springframework\cloud\spring-cloud-starter\2.2.0.RELEASE\spring-cloud-starter-2.2.0.RELEASE.jar;D:\myRepository\m2\repository2\org\springframework\boot\spring-boot-starter\2.2.0.RELEASE\spring-boot-starter-2.2.0.RELEASE.jar;D:\myRepository\m2\repository2\org\springframework\boot\spring-boot\2.2.0.RELEASE\spring-boot-2.2.0.RELEASE.jar;D:\myRepository\m2\repository2\org\springframework\spring-context\5.2.0.RELEASE\spring-context-5.2.0.RELEASE.jar;D:\myRepository\m2\repository2\org\springframework\boot\spring-boot-autoconfigure\2.2.0.RELEASE\spring-boot-autoconfigure-2.2.0.RELEASE.jar;D:\myRepository\m2\repository2\org\springframework\boot\spring-boot-starter-logging\2.2.0.RELEASE\spring-boot-starter-logging-2.2.0.RELEASE.jar;D:\myRepository\m2\repository2\ch\qos\logback\logback-classic\1.2.3\logback-classic-1.2.3.jar;D:\myRepository\m2\repository2\ch\qos\logback\logback-core\1.2.3\logback-core-1.2.3.jar;D:\myRepository\m2\repository2\org\apache\logging\log4j\log4j-to-slf4j\2.12.1\log4j-to-slf4j-2.12.1.jar;D:\myRepository\m2\repository2\org\apache\logging\log4j\log4j-api\2.12.1\log4j-api-2.12.1.jar;D:\myRepository\m2\repository2\org\slf4j\jul-to-slf4j\1.7.28\jul-to-slf4j-1.7.28.jar;D:\myRepository\m2\repository2\jakarta\annotation\jakarta.annotation-api\1.3.5\jakarta.annotation-api-1.3.5.jar;D:\myRepository\m2\repository2\org\springframework\spring-core\5.2.0.RELEASE\spring-core-5.2.0.RELEASE.jar;D:\myRepository\m2\repository2\org\springframework\spring-jcl\5.2.0.RELEASE\spring-jcl-5.2.0.RELEASE.jar;D:\myRepository\m2\repository2\org\yaml\snakeyaml\1.25\snakeyaml-1.25.jar;D:\myRepository\m2\repository2\org\springframework\cloud\spring-cloud-context\2.2.0.RELEASE\spring-cloud-context-2.2.0.RELEASE.jar;D:\myRepository\m2\repository2\org\springframework\security\spring-security-crypto\5.2.0.RELEASE\spring-security-crypto-5.2.0.RELEASE.jar;D:\myRepository\m2\repository2\org\springframework\cloud\spring-cloud-commons\2.2.0.RELEASE\spring-cloud-commons-2.2.0.RELEASE.jar;D:\myRepository\m2\repository2\org\springframework\security\spring-security-rsa\1.0.7.RELEASE\spring-security-rsa-1.0.7.RELEASE.jar;D:\myRepository\m2\repository2\org\bouncycastle\bcpkix-jdk15on\1.60\bcpkix-jdk15on-1.60.jar;D:\myRepository\m2\repository2\org\bouncycastle\bcprov-jdk15on\1.60\bcprov-jdk15on-1.60.jar;D:\myRepository\m2\repository2\org\springframework\cloud\spring-cloud-netflix-eureka-server\2.2.0.RELEASE\spring-cloud-netflix-eureka-server-2.2.0.RELEASE.jar;D:\myRepository\m2\repository2\org\springframework\boot\spring-boot-starter-web\2.2.0.RELEASE\spring-boot-starter-web-2.2.0.RELEASE.jar;D:\myRepository\m2\repository2\org\springframework\boot\spring-boot-starter-json\2.2.0.RELEASE\spring-boot-starter-json-2.2.0.RELEASE.jar;D:\myRepository\m2\repository2\com\fasterxml\jackson\datatype\jackson-datatype-jdk8\2.10.0\jackson-datatype-jdk8-2.10.0.jar;D:\myRepository\m2\repository2\com\fasterxml\jackson\datatype\jackson-datatype-jsr310\2.10.0\jackson-datatype-jsr310-2.10.0.jar;D:\myRepository\m2\repository2\com\fasterxml\jackson\module\jackson-module-parameter-names\2.10.0\jackson-module-parameter-names-2.10.0.jar;D:\myRepository\m2\repository2\org\springframework\boot\spring-boot-starter-tomcat\2.2.0.RELEASE\spring-boot-starter-tomcat-2.2.0.RELEASE.jar;D:\myRepository\m2\repository2\org\apache\tomcat\embed\tomcat-embed-core\9.0.27\tomcat-embed-core-9.0.27.jar;D:\myRepository\m2\repository2\org\apache\tomcat\embed\tomcat-embed-el\9.0.27\tomcat-embed-el-9.0.27.jar;D:\myRepository\m2\repository2\org\apache\tomcat\embed\tomcat-embed-websocket\9.0.27\tomcat-embed-websocket-9.0.27.jar;D:\myRepository\m2\repository2\org\springframework\boot\spring-boot-starter-validation\2.2.0.RELEASE\spring-boot-starter-validation-2.2.0.RELEASE.jar;D:\myRepository\m2\repository2\jakarta\validation\jakarta.validation-api\2.0.1\jakarta.validation-api-2.0.1.jar;D:\myRepository\m2\repository2\org\hibernate\validator\hibernate-validator\6.0.17.Final\hibernate-validator-6.0.17.Final.jar;D:\myRepository\m2\repository2\org\jboss\logging\jboss-logging\3.4.1.Final\jboss-logging-3.4.1.Final.jar;D:\myRepository\m2\repository2\com\fasterxml\classmate\1.5.0\classmate-1.5.0.jar;D:\myRepository\m2\repository2\org\springframework\spring-web\5.2.0.RELEASE\spring-web-5.2.0.RELEASE.jar;D:\myRepository\m2\repository2\org\springframework\spring-beans\5.2.0.RELEASE\spring-beans-5.2.0.RELEASE.jar;D:\myRepository\m2\repository2\org\springframework\spring-webmvc\5.2.0.RELEASE\spring-webmvc-5.2.0.RELEASE.jar;D:\myRepository\m2\repository2\org\springframework\spring-aop\5.2.0.RELEASE\spring-aop-5.2.0.RELEASE.jar;D:\myRepository\m2\repository2\org\springframework\spring-expression\5.2.0.RELEASE\spring-expression-5.2.0.RELEASE.jar;D:\myRepository\m2\repository2\org\springframework\boot\spring-boot-starter-actuator\2.2.0.RELEASE\spring-boot-starter-actuator-2.2.0.RELEASE.jar;D:\myRepository\m2\repository2\org\springframework\boot\spring-boot-actuator-autoconfigure\2.2.0.RELEASE\spring-boot-actuator-autoconfigure-2.2.0.RELEASE.jar;D:\myRepository\m2\repository2\org\springframework\boot\spring-boot-actuator\2.2.0.RELEASE\spring-boot-actuator-2.2.0.RELEASE.jar;D:\myRepository\m2\repository2\io\micrometer\micrometer-core\1.3.0\micrometer-core-1.3.0.jar;D:\myRepository\m2\repository2\org\hdrhistogram\HdrHistogram\2.1.11\HdrHistogram-2.1.11.jar;D:\myRepository\m2\repository2\org\latencyutils\LatencyUtils\2.0.3\LatencyUtils-2.0.3.jar;D:\myRepository\m2\repository2\org\springframework\boot\spring-boot-starter-freemarker\2.2.0.RELEASE\spring-boot-starter-freemarker-2.2.0.RELEASE.jar;D:\myRepository\m2\repository2\org\freemarker\freemarker\2.3.29\freemarker-2.3.29.jar;D:\myRepository\m2\repository2\org\springframework\spring-context-support\5.2.0.RELEASE\spring-context-support-5.2.0.RELEASE.jar;D:\myRepository\m2\repository2\org\springframework\cloud\spring-cloud-netflix-hystrix\2.2.0.RELEASE\spring-cloud-netflix-hystrix-2.2.0.RELEASE.jar;D:\myRepository\m2\repository2\org\springframework\boot\spring-boot-starter-aop\2.2.0.RELEASE\spring-boot-starter-aop-2.2.0.RELEASE.jar;D:\myRepository\m2\repository2\org\aspectj\aspectjweaver\1.9.4\aspectjweaver-1.9.4.jar;D:\myRepository\m2\repository2\org\springframework\cloud\spring-cloud-netflix-eureka-client\2.2.0.RELEASE\spring-cloud-netflix-eureka-client-2.2.0.RELEASE.jar;D:\myRepository\m2\repository2\com\netflix\eureka\eureka-client\1.9.13\eureka-client-1.9.13.jar;D:\myRepository\m2\repository2\org\codehaus\jettison\jettison\1.3.7\jettison-1.3.7.jar;D:\myRepository\m2\repository2\stax\stax-api\1.0.1\stax-api-1.0.1.jar;D:\myRepository\m2\repository2\com\netflix\netflix-commons\netflix-eventbus\0.3.0\netflix-eventbus-0.3.0.jar;D:\myRepository\m2\repository2\com\netflix\netflix-commons\netflix-infix\0.3.0\netflix-infix-0.3.0.jar;D:\myRepository\m2\repository2\commons-jxpath\commons-jxpath\1.3\commons-jxpath-1.3.jar;D:\myRepository\m2\repository2\org\antlr\antlr-runtime\3.4\antlr-runtime-3.4.jar;D:\myRepository\m2\repository2\org\antlr\stringtemplate\3.2.1\stringtemplate-3.2.1.jar;D:\myRepository\m2\repository2\antlr\antlr\2.7.7\antlr-2.7.7.jar;D:\myRepository\m2\repository2\com\google\code\gson\gson\2.8.6\gson-2.8.6.jar;D:\myRepository\m2\repository2\org\apache\commons\commons-math\2.2\commons-math-2.2.jar;D:\myRepository\m2\repository2\javax\ws\rs\jsr311-api\1.1.1\jsr311-api-1.1.1.jar;D:\myRepository\m2\repository2\com\netflix\servo\servo-core\0.12.21\servo-core-0.12.21.jar;D:\myRepository\m2\repository2\com\sun\jersey\jersey-core\1.19.1\jersey-core-1.19.1.jar;D:\myRepository\m2\repository2\com\sun\jersey\contribs\jersey-apache-client4\1.19.1\jersey-apache-client4-1.19.1.jar;D:\myRepository\m2\repository2\org\apache\httpcomponents\httpclient\4.5.10\httpclient-4.5.10.jar;D:\myRepository\m2\repository2\org\apache\httpcomponents\httpcore\4.4.12\httpcore-4.4.12.jar;D:\myRepository\m2\repository2\commons-codec\commons-codec\1.13\commons-codec-1.13.jar;D:\myRepository\m2\repository2\com\google\inject\guice\4.1.0\guice-4.1.0.jar;D:\myRepository\m2\repository2\aopalliance\aopalliance\1.0\aopalliance-1.0.jar;D:\myRepository\m2\repository2\com\fasterxml\jackson\core\jackson-annotations\2.10.0\jackson-annotations-2.10.0.jar;D:\myRepository\m2\repository2\com\fasterxml\jackson\core\jackson-core\2.10.0\jackson-core-2.10.0.jar;D:\myRepository\m2\repository2\com\fasterxml\jackson\core\jackson-databind\2.10.0\jackson-databind-2.10.0.jar;D:\myRepository\m2\repository2\com\sun\jersey\jersey-servlet\1.19.1\jersey-servlet-1.19.1.jar;D:\myRepository\m2\repository2\com\sun\jersey\jersey-server\1.19.1\jersey-server-1.19.1.jar;D:\myRepository\m2\repository2\com\sun\jersey\jersey-client\1.19.1\jersey-client-1.19.1.jar;D:\myRepository\m2\repository2\com\netflix\eureka\eureka-core\1.9.13\eureka-core-1.9.13.jar;D:\myRepository\m2\repository2\com\amazonaws\aws-java-sdk-core\1.11.277\aws-java-sdk-core-1.11.277.jar;D:\myRepository\m2\repository2\commons-logging\commons-logging\1.1.3\commons-logging-1.1.3.jar;D:\myRepository\m2\repository2\software\amazon\ion\ion-java\1.0.2\ion-java-1.0.2.jar;D:\myRepository\m2\repository2\com\fasterxml\jackson\dataformat\jackson-dataformat-cbor\2.10.0\jackson-dataformat-cbor-2.10.0.jar;D:\myRepository\m2\repository2\joda-time\joda-time\2.10.4\joda-time-2.10.4.jar;D:\myRepository\m2\repository2\com\amazonaws\aws-java-sdk-ec2\1.11.277\aws-java-sdk-ec2-1.11.277.jar;D:\myRepository\m2\repository2\com\amazonaws\jmespath-java\1.11.277\jmespath-java-1.11.277.jar;D:\myRepository\m2\repository2\com\amazonaws\aws-java-sdk-autoscaling\1.11.277\aws-java-sdk-autoscaling-1.11.277.jar;D:\myRepository\m2\repository2\com\amazonaws\aws-java-sdk-sts\1.11.277\aws-java-sdk-sts-1.11.277.jar;D:\myRepository\m2\repository2\com\amazonaws\aws-java-sdk-route53\1.11.277\aws-java-sdk-route53-1.11.277.jar;D:\myRepository\m2\repository2\javax\servlet\servlet-api\2.5\servlet-api-2.5.jar;D:\myRepository\m2\repository2\com\fasterxml\woodstox\woodstox-core\5.2.1\woodstox-core-5.2.1.jar;D:\myRepository\m2\repository2\com\netflix\archaius\archaius-core\0.7.6\archaius-core-0.7.6.jar;D:\myRepository\m2\repository2\com\google\code\findbugs\jsr305\3.0.1\jsr305-3.0.1.jar;D:\myRepository\m2\repository2\com\google\guava\guava\16.0\guava-16.0.jar;D:\myRepository\m2\repository2\javax\inject\javax.inject\1\javax.inject-1.jar;D:\myRepository\m2\repository2\com\fasterxml\jackson\dataformat\jackson-dataformat-xml\2.10.0\jackson-dataformat-xml-2.10.0.jar;D:\myRepository\m2\repository2\com\fasterxml\jackson\module\jackson-module-jaxb-annotations\2.10.0\jackson-module-jaxb-annotations-2.10.0.jar;D:\myRepository\m2\repository2\org\codehaus\woodstox\stax2-api\4.2\stax2-api-4.2.jar;D:\myRepository\m2\repository2\com\thoughtworks\xstream\xstream\1.4.11.1\xstream-1.4.11.1.jar;D:\myRepository\m2\repository2\xmlpull\xmlpull\1.1.3.1\xmlpull-1.1.3.1.jar;D:\myRepository\m2\repository2\xpp3\xpp3_min\1.1.4c\xpp3_min-1.1.4c.jar;D:\myRepository\m2\repository2\org\springframework\cloud\spring-cloud-starter-netflix-archaius\2.2.0.RELEASE\spring-cloud-starter-netflix-archaius-2.2.0.RELEASE.jar;D:\myRepository\m2\repository2\org\springframework\cloud\spring-cloud-netflix-ribbon\2.2.0.RELEASE\spring-cloud-netflix-ribbon-2.2.0.RELEASE.jar;D:\myRepository\m2\repository2\org\springframework\cloud\spring-cloud-netflix-archaius\2.2.0.RELEASE\spring-cloud-netflix-archaius-2.2.0.RELEASE.jar;D:\myRepository\m2\repository2\commons-configuration\commons-configuration\1.8\commons-configuration-1.8.jar;D:\myRepository\m2\repository2\commons-lang\commons-lang\2.6\commons-lang-2.6.jar;D:\myRepository\m2\repository2\org\springframework\cloud\spring-cloud-starter-netflix-ribbon\2.2.0.RELEASE\spring-cloud-starter-netflix-ribbon-2.2.0.RELEASE.jar;D:\myRepository\m2\repository2\com\netflix\ribbon\ribbon\2.3.0\ribbon-2.3.0.jar;D:\myRepository\m2\repository2\com\netflix\ribbon\ribbon-transport\2.3.0\ribbon-transport-2.3.0.jar;D:\myRepository\m2\repository2\io\reactivex\rxnetty-contexts\0.4.9\rxnetty-contexts-0.4.9.jar;D:\myRepository\m2\repository2\io\reactivex\rxnetty-servo\0.4.9\rxnetty-servo-0.4.9.jar;D:\myRepository\m2\repository2\com\netflix\hystrix\hystrix-core\1.4.3\hystrix-core-1.4.3.jar;D:\myRepository\m2\repository2\io\reactivex\rxnetty\0.4.9\rxnetty-0.4.9.jar;D:\myRepository\m2\repository2\com\netflix\ribbon\ribbon-core\2.3.0\ribbon-core-2.3.0.jar;D:\myRepository\m2\repository2\com\netflix\ribbon\ribbon-httpclient\2.3.0\ribbon-httpclient-2.3.0.jar;D:\myRepository\m2\repository2\commons-collections\commons-collections\3.2.2\commons-collections-3.2.2.jar;D:\myRepository\m2\repository2\com\netflix\netflix-commons\netflix-commons-util\0.1.1\netflix-commons-util-0.1.1.jar;D:\myRepository\m2\repository2\com\netflix\ribbon\ribbon-loadbalancer\2.3.0\ribbon-loadbalancer-2.3.0.jar;D:\myRepository\m2\repository2\com\netflix\netflix-commons\netflix-statistics\0.1.1\netflix-statistics-0.1.1.jar;D:\myRepository\m2\repository2\io\reactivex\rxjava\1.3.8\rxjava-1.3.8.jar;D:\myRepository\m2\repository2\org\springframework\cloud\spring-cloud-starter-loadbalancer\2.2.0.RELEASE\spring-cloud-starter-loadbalancer-2.2.0.RELEASE.jar;D:\myRepository\m2\repository2\org\springframework\cloud\spring-cloud-loadbalancer\2.2.0.RELEASE\spring-cloud-loadbalancer-2.2.0.RELEASE.jar;D:\myRepository\m2\repository2\io\projectreactor\reactor-core\3.3.0.RELEASE\reactor-core-3.3.0.RELEASE.jar;D:\myRepository\m2\repository2\org\reactivestreams\reactive-streams\1.0.3\reactive-streams-1.0.3.jar;D:\myRepository\m2\repository2\io\projectreactor\addons\reactor-extra\3.3.0.RELEASE\reactor-extra-3.3.0.RELEASE.jar;D:\myRepository\m2\repository2\org\springframework\boot\spring-boot-starter-cache\2.2.0.RELEASE\spring-boot-starter-cache-2.2.0.RELEASE.jar;D:\myRepository\m2\repository2\com\stoyanr\evictor\1.0.0\evictor-1.0.0.jar;D:\myRepository\m2\repository2\com\netflix\ribbon\ribbon-eureka\2.3.0\ribbon-eureka-2.3.0.jar;D:\myRepository\m2\repository2\org\slf4j\slf4j-api\1.7.28\slf4j-api-1.7.28.jar;D:\myRepository\m2\repository2\org\glassfish\jaxb\jaxb-runtime\2.3.2\jaxb-runtime-2.3.2.jar;D:\myRepository\m2\repository2\jakarta\xml\bind\jakarta.xml.bind-api\2.3.2\jakarta.xml.bind-api-2.3.2.jar;D:\myRepository\m2\repository2\org\glassfish\jaxb\txw2\2.3.2\txw2-2.3.2.jar;D:\myRepository\m2\repository2\com\sun\istack\istack-commons-runtime\3.0.8\istack-commons-runtime-3.0.8.jar;D:\myRepository\m2\repository2\org\jvnet\staxex\stax-ex\1.8.1\stax-ex-1.8.1.jar;D:\myRepository\m2\repository2\com\sun\xml\fastinfoset\FastInfoset\1.2.16\FastInfoset-1.2.16.jar;D:\myRepository\m2\repository2\jakarta\activation\jakarta.activation-api\1.2.1\jakarta.activation-api-1.2.1.jar;D:\myRepository\m2\repository2\junit\junit\3.8.1\junit-3.8.1.jar;"/>
    <property name="sun.cpu.endian" value="little"/>
    <property name="user.home" value="C:\Users\eversec"/>
    <property name="user.language" value="zh"/>
    <property name="java.specification.vendor" value="Oracle Corporation"/>
    <property name="java.home" value="C:\Program Files\Java\jdk1.8.0_131\jre"/>
    <property name="basedir" value="D:\eclipse_2020_workspace\myeureka"/>
    <property name="file.separator" value="\"/>
    <property name="line.separator" value="&#10;"/>
    <property name="java.vm.specification.vendor" value="Oracle Corporation"/>
    <property name="java.specification.name" value="Java Platform API Specification"/>
    <property name="java.awt.graphicsenv" value="sun.awt.Win32GraphicsEnvironment"/>
    <property name="surefire.real.class.path" value="C:\Users\eversec\AppData\Local\Temp\surefire1001348969899247052\surefirebooter706637193951636236.jar"/>
    <property name="sun.boot.class.path" value="C:\Program Files\Java\jdk1.8.0_131\jre\lib\resources.jar;C:\Program Files\Java\jdk1.8.0_131\jre\lib\rt.jar;C:\Program Files\Java\jdk1.8.0_131\jre\lib\sunrsasign.jar;C:\Program Files\Java\jdk1.8.0_131\jre\lib\jsse.jar;C:\Program Files\Java\jdk1.8.0_131\jre\lib\jce.jar;C:\Program Files\Java\jdk1.8.0_131\jre\lib\charsets.jar;C:\Program Files\Java\jdk1.8.0_131\jre\lib\jfr.jar;C:\Program Files\Java\jdk1.8.0_131\jre\classes"/>
    <property name="user.script" value=""/>
    <property name="sun.management.compiler" value="HotSpot 64-Bit Tiered Compilers"/>
    <property name="java.runtime.version" value="1.8.0_131-b11"/>
    <property name="user.name" value="eversec"/>
    <property name="path.separator" value=";"/>
    <property name="os.version" value="6.1"/>
    <property name="java.endorsed.dirs" value="C:\Program Files\Java\jdk1.8.0_131\jre\lib\endorsed"/>
    <property name="java.runtime.name" value="Java(TM) SE Runtime Environment"/>
    <property name="file.encoding" value="GBK"/>
    <property name="java.vm.name" value="Java HotSpot(TM) 64-Bit Server VM"/>
    <property name="localRepository" value="D:\myRepository\m2\repository2"/>
    <property name="java.vendor.url.bug" value="http://bugreport.sun.com/bugreport/"/>
    <property name="java.io.tmpdir" value="C:\Users\eversec\AppData\Local\Temp\"/>
    <property name="java.version" value="1.8.0_131"/>
    <property name="user.dir" value="D:\eclipse_2020_workspace\myeureka"/>
    <property name="os.arch" value="amd64"/>
    <property name="java.vm.specification.name" value="Java Virtual Machine Specification"/>
    <property name="java.awt.printerjob" value="sun.awt.windows.WPrinterJob"/>
    <property name="sun.os.patch.level" value="Service Pack 1"/>
    <property name="java.library.path" value="C:\Program Files\Java\jdk1.8.0_131\jre\bin;C:\Windows\Sun\Java\bin;C:\Windows\system32;C:\Windows;C:/Program Files/Java/jdk1.8.0_131/bin/../jre/bin/server;C:/Program Files/Java/jdk1.8.0_131/bin/../jre/bin;C:/Program Files/Java/jdk1.8.0_131/bin/../jre/lib/amd64;C:\Python\Python37-32\Scripts\;C:\Python\Python37-32\;C:\Program Files\Java\jdk1.8.0_131\bin;C:\ProgramData\Oracle\Java\javapath;C:\Windows\system32;C:\Windows;C:\Windows\System32\Wbem;C:\Windows\System32\WindowsPowerShell\v1.0\;C:\Program Files\Lenovo\Fingerprint Manager Pro\;C:\Program Files\Intel\WiFi\bin\;C:\Program Files\Common Files\Intel\WirelessCommon\;C:\Program Files (x86)\NVIDIA Corporation\PhysX\Common;D:\apache-maven-3.6.0\bin;C:\Program Files\nodejs\;C:\Program Files\TortoiseSVN\bin;C:\Program Files\MySQL\MySQL Server 5.5\bin;C:\Program Files\IDM Computer Solutions\UltraEdit;C:\Program Files\Pandoc\;D:\software\hadoop\hadoop-2.9.2\bin;C:\Program Files\Git\cmd;D:\cmake-3.16.2-win64-x64\bin;C:\Program Files (x86)\GnuWin32\bin;C:\strawberry\c\bin;C:\strawberry\perl\site\bin;C:\strawberry\perl\bin;C:\Program Files (x86)\Windows Kits\8.1\Windows Performance Toolkit\;C:\Program Files\Microsoft SQL Server\110\Tools\Binn\;C:\Program Files\Git\bin;C:\Program Files\Intel\WiFi\bin\;C:\Program Files\Common Files\Intel\WirelessCommon\;C:\Microsoft VS Code Insiders\bin;C:\Users\eversec\AppData\Roaming\npm;C:\Program Files (x86)\GnuWin32\bin;C:\Program Files\Git\bin;D:\eclipse_2020;;."/>
    <property name="java.vm.info" value="mixed mode"/>
    <property name="java.vendor" value="Oracle Corporation"/>
    <property name="java.vm.version" value="25.131-b11"/>
    <property name="java.ext.dirs" value="C:\Program Files\Java\jdk1.8.0_131\jre\lib\ext;C:\Windows\Sun\Java\lib\ext"/>
    <property name="sun.io.unicode.encoding" value="UnicodeLittle"/>
    <property name="java.class.version" value="52.0"/>
  </properties>
  <testcase name="testApp" classname="com.gao.eureka.myeureka.AppTest" time="0.001"/>
</testsuite>