<?xml version="1.0" encoding="UTF-8"?>
<testsuite name="com.gao.kafka.AppTest" time="0.004" tests="2" errors="0" skipped="0" failures="0">
  <properties>
    <property name="java.runtime.name" value="Java(TM) SE Runtime Environment"/>
    <property name="sun.boot.library.path" value="C:\Program Files\Java\jdk1.8.0_131\jre\bin"/>
    <property name="java.vm.version" value="25.131-b11"/>
    <property name="java.vm.vendor" value="Oracle Corporation"/>
    <property name="maven.multiModuleProjectDirectory" value="D:\workspace-sts-3.9.6.RELEASE\kafka"/>
    <property name="java.vendor.url" value="http://java.oracle.com/"/>
    <property name="path.separator" value=";"/>
    <property name="guice.disable.misplaced.annotation.check" value="true"/>
    <property name="java.vm.name" value="Java HotSpot(TM) 64-Bit Server VM"/>
    <property name="file.encoding.pkg" value="sun.io"/>
    <property name="user.script" value=""/>
    <property name="user.country" value="CN"/>
    <property name="sun.java.launcher" value="SUN_STANDARD"/>
    <property name="sun.os.patch.level" value="Service Pack 1"/>
    <property name="java.vm.specification.name" value="Java Virtual Machine Specification"/>
    <property name="user.dir" value="D:\workspace-sts-3.9.6.RELEASE\kafka"/>
    <property name="java.runtime.version" value="1.8.0_131-b11"/>
    <property name="java.awt.graphicsenv" value="sun.awt.Win32GraphicsEnvironment"/>
    <property name="basedir" value="D:\workspace-sts-3.9.6.RELEASE\kafka"/>
    <property name="java.endorsed.dirs" value="C:\Program Files\Java\jdk1.8.0_131\jre\lib\endorsed"/>
    <property name="os.arch" value="amd64"/>
    <property name="java.io.tmpdir" value="C:\Users\eversec\AppData\Local\Temp\"/>
    <property name="line.separator" value="&#10;"/>
    <property name="java.vm.specification.vendor" value="Oracle Corporation"/>
    <property name="user.variant" value=""/>
    <property name="os.name" value="Windows 7"/>
    <property name="classworlds.conf" value="D:\workspace-sts-3.9.6.RELEASE\.metadata\.plugins\org.eclipse.m2e.launching\launches\m2conf2335834079813153068.tmp"/>
    <property name="sun.jnu.encoding" value="GBK"/>
    <property name="java.library.path" value="C:\Program Files\Java\jdk1.8.0_131\bin;C:\Windows\Sun\Java\bin;C:\Windows\system32;C:\Windows;C:/Program Files/Java/jdk1.8.0_131/bin/../jre/bin/server;C:/Program Files/Java/jdk1.8.0_131/bin/../jre/bin;C:/Program Files/Java/jdk1.8.0_131/bin/../jre/lib/amd64;C:\Python\Python37-32\Scripts\;C:\Python\Python37-32\;C:\Program Files\Java\jdk1.8.0_131\bin;C:\ProgramData\Oracle\Java\javapath;C:\Windows\system32;C:\Windows;C:\Windows\System32\Wbem;C:\Windows\System32\WindowsPowerShell\v1.0\;C:\Program Files\Lenovo\Fingerprint Manager Pro\;C:\Program Files\Intel\WiFi\bin\;C:\Program Files\Common Files\Intel\WirelessCommon\;C:\Program Files (x86)\NVIDIA Corporation\PhysX\Common;D:\apache-maven-3.6.0\bin;C:\Program Files\nodejs\;C:\Program Files\TortoiseSVN\bin;C:\Program Files\MySQL\MySQL Server 5.5\bin;C:\Program Files\IDM Computer Solutions\UltraEdit;C:\Program Files\Pandoc\;C:\Program Files\Intel\WiFi\bin\;C:\Program Files\Common Files\Intel\WirelessCommon\;C:\Microsoft VS Code Insiders\bin;C:\Users\eversec\AppData\Roaming\npm;D:\software\sts-bundle\sts-3.9.6.RELEASE;;."/>
    <property name="surefire.test.class.path" value="D:\workspace-sts-3.9.6.RELEASE\kafka\target\test-classes;D:\workspace-sts-3.9.6.RELEASE\kafka\target\classes;D:\myRepository\m2\repository\org\springframework\boot\spring-boot-starter-web\1.5.18.RELEASE\spring-boot-starter-web-1.5.18.RELEASE.jar;D:\myRepository\m2\repository\org\springframework\boot\spring-boot-starter-tomcat\1.5.18.RELEASE\spring-boot-starter-tomcat-1.5.18.RELEASE.jar;D:\myRepository\m2\repository\org\apache\tomcat\embed\tomcat-embed-core\8.5.35\tomcat-embed-core-8.5.35.jar;D:\myRepository\m2\repository\org\apache\tomcat\tomcat-annotations-api\8.5.35\tomcat-annotations-api-8.5.35.jar;D:\myRepository\m2\repository\org\apache\tomcat\embed\tomcat-embed-el\8.5.35\tomcat-embed-el-8.5.35.jar;D:\myRepository\m2\repository\org\apache\tomcat\embed\tomcat-embed-websocket\8.5.35\tomcat-embed-websocket-8.5.35.jar;D:\myRepository\m2\repository\org\hibernate\hibernate-validator\5.3.6.Final\hibernate-validator-5.3.6.Final.jar;D:\myRepository\m2\repository\javax\validation\validation-api\1.1.0.Final\validation-api-1.1.0.Final.jar;D:\myRepository\m2\repository\org\jboss\logging\jboss-logging\3.3.2.Final\jboss-logging-3.3.2.Final.jar;D:\myRepository\m2\repository\com\fasterxml\classmate\1.3.4\classmate-1.3.4.jar;D:\myRepository\m2\repository\com\fasterxml\jackson\core\jackson-databind\2.8.11.3\jackson-databind-2.8.11.3.jar;D:\myRepository\m2\repository\com\fasterxml\jackson\core\jackson-annotations\2.8.0\jackson-annotations-2.8.0.jar;D:\myRepository\m2\repository\com\fasterxml\jackson\core\jackson-core\2.8.11\jackson-core-2.8.11.jar;D:\myRepository\m2\repository\org\springframework\spring-web\4.3.21.RELEASE\spring-web-4.3.21.RELEASE.jar;D:\myRepository\m2\repository\org\springframework\spring-aop\4.3.21.RELEASE\spring-aop-4.3.21.RELEASE.jar;D:\myRepository\m2\repository\org\springframework\spring-beans\4.3.21.RELEASE\spring-beans-4.3.21.RELEASE.jar;D:\myRepository\m2\repository\org\springframework\spring-context\4.3.21.RELEASE\spring-context-4.3.21.RELEASE.jar;D:\myRepository\m2\repository\org\springframework\spring-webmvc\4.3.21.RELEASE\spring-webmvc-4.3.21.RELEASE.jar;D:\myRepository\m2\repository\org\springframework\spring-expression\4.3.21.RELEASE\spring-expression-4.3.21.RELEASE.jar;D:\myRepository\m2\repository\org\springframework\boot\spring-boot-starter-test\1.5.18.RELEASE\spring-boot-starter-test-1.5.18.RELEASE.jar;D:\myRepository\m2\repository\org\springframework\boot\spring-boot-test\1.5.18.RELEASE\spring-boot-test-1.5.18.RELEASE.jar;D:\myRepository\m2\repository\org\springframework\boot\spring-boot-test-autoconfigure\1.5.18.RELEASE\spring-boot-test-autoconfigure-1.5.18.RELEASE.jar;D:\myRepository\m2\repository\com\jayway\jsonpath\json-path\2.2.0\json-path-2.2.0.jar;D:\myRepository\m2\repository\net\minidev\json-smart\2.2.1\json-smart-2.2.1.jar;D:\myRepository\m2\repository\net\minidev\accessors-smart\1.1\accessors-smart-1.1.jar;D:\myRepository\m2\repository\org\ow2\asm\asm\5.0.3\asm-5.0.3.jar;D:\myRepository\m2\repository\org\assertj\assertj-core\2.6.0\assertj-core-2.6.0.jar;D:\myRepository\m2\repository\org\mockito\mockito-core\1.10.19\mockito-core-1.10.19.jar;D:\myRepository\m2\repository\org\objenesis\objenesis\2.1\objenesis-2.1.jar;D:\myRepository\m2\repository\org\hamcrest\hamcrest-core\1.3\hamcrest-core-1.3.jar;D:\myRepository\m2\repository\org\hamcrest\hamcrest-library\1.3\hamcrest-library-1.3.jar;D:\myRepository\m2\repository\org\skyscreamer\jsonassert\1.4.0\jsonassert-1.4.0.jar;D:\myRepository\m2\repository\com\vaadin\external\google\android-json\0.0.20131108.vaadin1\android-json-0.0.20131108.vaadin1.jar;D:\myRepository\m2\repository\org\springframework\spring-core\4.3.21.RELEASE\spring-core-4.3.21.RELEASE.jar;D:\myRepository\m2\repository\org\springframework\spring-test\4.3.21.RELEASE\spring-test-4.3.21.RELEASE.jar;D:\myRepository\m2\repository\org\mybatis\spring\boot\mybatis-spring-boot-starter\1.3.2\mybatis-spring-boot-starter-1.3.2.jar;D:\myRepository\m2\repository\org\springframework\boot\spring-boot-starter-jdbc\1.5.18.RELEASE\spring-boot-starter-jdbc-1.5.18.RELEASE.jar;D:\myRepository\m2\repository\org\apache\tomcat\tomcat-jdbc\8.5.35\tomcat-jdbc-8.5.35.jar;D:\myRepository\m2\repository\org\apache\tomcat\tomcat-juli\8.5.35\tomcat-juli-8.5.35.jar;D:\myRepository\m2\repository\org\springframework\spring-jdbc\4.3.21.RELEASE\spring-jdbc-4.3.21.RELEASE.jar;D:\myRepository\m2\repository\org\springframework\spring-tx\4.3.21.RELEASE\spring-tx-4.3.21.RELEASE.jar;D:\myRepository\m2\repository\org\mybatis\spring\boot\mybatis-spring-boot-autoconfigure\1.3.2\mybatis-spring-boot-autoconfigure-1.3.2.jar;D:\myRepository\m2\repository\org\mybatis\mybatis\3.4.6\mybatis-3.4.6.jar;D:\myRepository\m2\repository\org\mybatis\mybatis-spring\1.3.2\mybatis-spring-1.3.2.jar;D:\myRepository\m2\repository\org\springframework\kafka\spring-kafka\1.1.8.RELEASE\spring-kafka-1.1.8.RELEASE.jar;D:\myRepository\m2\repository\org\springframework\spring-messaging\4.3.21.RELEASE\spring-messaging-4.3.21.RELEASE.jar;D:\myRepository\m2\repository\org\springframework\retry\spring-retry\1.2.2.RELEASE\spring-retry-1.2.2.RELEASE.jar;D:\myRepository\m2\repository\org\apache\kafka\kafka-clients\1.1.0\kafka-clients-1.1.0.jar;D:\myRepository\m2\repository\org\lz4\lz4-java\1.4\lz4-java-1.4.jar;D:\myRepository\m2\repository\org\xerial\snappy\snappy-java\1.1.7.1\snappy-java-1.1.7.1.jar;D:\myRepository\m2\repository\org\slf4j\slf4j-api\1.7.25\slf4j-api-1.7.25.jar;D:\myRepository\m2\repository\com\google\code\gson\gson\2.8.2\gson-2.8.2.jar;D:\myRepository\m2\repository\mysql\mysql-connector-java\5.1.47\mysql-connector-java-5.1.47.jar;D:\myRepository\m2\repository\junit\junit\3.8.1\junit-3.8.1.jar;D:\myRepository\m2\repository\org\apache\hbase\hbase-client\2.2.1\hbase-client-2.2.1.jar;D:\myRepository\m2\repository\org\apache\hbase\thirdparty\hbase-shaded-protobuf\2.2.1\hbase-shaded-protobuf-2.2.1.jar;D:\myRepository\m2\repository\org\apache\hbase\hbase-common\2.2.1\hbase-common-2.2.1.jar;D:\myRepository\m2\repository\com\github\stephenc\findbugs\findbugs-annotations\1.3.9-1\findbugs-annotations-1.3.9-1.jar;D:\myRepository\m2\repository\log4j\log4j\1.2.17\log4j-1.2.17.jar;D:\myRepository\m2\repository\org\apache\hbase\hbase-hadoop-compat\2.2.1\hbase-hadoop-compat-2.2.1.jar;D:\myRepository\m2\repository\org\apache\hbase\hbase-metrics-api\2.2.1\hbase-metrics-api-2.2.1.jar;D:\myRepository\m2\repository\org\apache\hbase\hbase-hadoop2-compat\2.2.1\hbase-hadoop2-compat-2.2.1.jar;D:\myRepository\m2\repository\org\apache\hbase\hbase-metrics\2.2.1\hbase-metrics-2.2.1.jar;D:\myRepository\m2\repository\org\apache\hbase\hbase-protocol-shaded\2.2.1\hbase-protocol-shaded-2.2.1.jar;D:\myRepository\m2\repository\org\apache\hbase\hbase-protocol\2.2.1\hbase-protocol-2.2.1.jar;D:\myRepository\m2\repository\commons-codec\commons-codec\1.10\commons-codec-1.10.jar;D:\myRepository\m2\repository\commons-io\commons-io\2.5\commons-io-2.5.jar;D:\myRepository\m2\repository\org\apache\commons\commons-lang3\3.6\commons-lang3-3.6.jar;D:\myRepository\m2\repository\org\apache\hbase\thirdparty\hbase-shaded-miscellaneous\2.2.1\hbase-shaded-miscellaneous-2.2.1.jar;D:\myRepository\m2\repository\com\google\errorprone\error_prone_annotations\2.3.3\error_prone_annotations-2.3.3.jar;D:\myRepository\m2\repository\com\google\protobuf\protobuf-java\2.5.0\protobuf-java-2.5.0.jar;D:\myRepository\m2\repository\org\apache\hbase\thirdparty\hbase-shaded-netty\2.2.1\hbase-shaded-netty-2.2.1.jar;D:\myRepository\m2\repository\org\apache\zookeeper\zookeeper\3.4.10\zookeeper-3.4.10.jar;D:\myRepository\m2\repository\org\slf4j\slf4j-log4j12\1.7.25\slf4j-log4j12-1.7.25.jar;D:\myRepository\m2\repository\org\apache\htrace\htrace-core4\4.2.0-incubating\htrace-core4-4.2.0-incubating.jar;D:\myRepository\m2\repository\org\jruby\jcodings\jcodings\1.0.18\jcodings-1.0.18.jar;D:\myRepository\m2\repository\org\jruby\joni\joni\2.1.11\joni-2.1.11.jar;D:\myRepository\m2\repository\io\dropwizard\metrics\metrics-core\3.1.5\metrics-core-3.1.5.jar;D:\myRepository\m2\repository\org\apache\commons\commons-crypto\1.0.0\commons-crypto-1.0.0.jar;D:\myRepository\m2\repository\org\apache\hadoop\hadoop-auth\2.8.5\hadoop-auth-2.8.5.jar;D:\myRepository\m2\repository\org\apache\httpcomponents\httpclient\4.5.6\httpclient-4.5.6.jar;D:\myRepository\m2\repository\org\apache\httpcomponents\httpcore\4.4.10\httpcore-4.4.10.jar;D:\myRepository\m2\repository\com\nimbusds\nimbus-jose-jwt\4.41.1\nimbus-jose-jwt-4.41.1.jar;D:\myRepository\m2\repository\com\github\stephenc\jcip\jcip-annotations\1.0-1\jcip-annotations-1.0-1.jar;D:\myRepository\m2\repository\org\apache\directory\server\apacheds-kerberos-codec\2.0.0-M15\apacheds-kerberos-codec-2.0.0-M15.jar;D:\myRepository\m2\repository\org\apache\directory\server\apacheds-i18n\2.0.0-M15\apacheds-i18n-2.0.0-M15.jar;D:\myRepository\m2\repository\org\apache\directory\api\api-asn1-api\1.0.0-M20\api-asn1-api-1.0.0-M20.jar;D:\myRepository\m2\repository\org\apache\directory\api\api-util\1.0.0-M20\api-util-1.0.0-M20.jar;D:\myRepository\m2\repository\org\apache\curator\curator-framework\2.7.1\curator-framework-2.7.1.jar;D:\myRepository\m2\repository\org\apache\hadoop\hadoop-common\2.8.5\hadoop-common-2.8.5.jar;D:\myRepository\m2\repository\org\apache\hadoop\hadoop-annotations\2.8.5\hadoop-annotations-2.8.5.jar;C:\Program Files\Java\jdk1.8.0_131\jre\..\lib\tools.jar;D:\myRepository\m2\repository\com\google\guava\guava\11.0.2\guava-11.0.2.jar;D:\myRepository\m2\repository\commons-cli\commons-cli\1.2\commons-cli-1.2.jar;D:\myRepository\m2\repository\org\apache\commons\commons-math3\3.1.1\commons-math3-3.1.1.jar;D:\myRepository\m2\repository\xmlenc\xmlenc\0.52\xmlenc-0.52.jar;D:\myRepository\m2\repository\commons-net\commons-net\3.1\commons-net-3.1.jar;D:\myRepository\m2\repository\commons-collections\commons-collections\3.2.2\commons-collections-3.2.2.jar;D:\myRepository\m2\repository\org\mortbay\jetty\jetty-sslengine\6.1.26\jetty-sslengine-6.1.26.jar;D:\myRepository\m2\repository\commons-logging\commons-logging\1.1.3\commons-logging-1.1.3.jar;D:\myRepository\m2\repository\commons-lang\commons-lang\2.6\commons-lang-2.6.jar;D:\myRepository\m2\repository\commons-configuration\commons-configuration\1.6\commons-configuration-1.6.jar;D:\myRepository\m2\repository\commons-digester\commons-digester\2.1\commons-digester-2.1.jar;D:\myRepository\m2\repository\commons-beanutils\commons-beanutils\1.9.3\commons-beanutils-1.9.3.jar;D:\myRepository\m2\repository\commons-beanutils\commons-beanutils-core\1.8.0\commons-beanutils-core-1.8.0.jar;D:\myRepository\m2\repository\org\codehaus\jackson\jackson-core-asl\1.9.13\jackson-core-asl-1.9.13.jar;D:\myRepository\m2\repository\org\codehaus\jackson\jackson-mapper-asl\1.9.13\jackson-mapper-asl-1.9.13.jar;D:\myRepository\m2\repository\org\apache\avro\avro\1.7.4\avro-1.7.4.jar;D:\myRepository\m2\repository\com\thoughtworks\paranamer\paranamer\2.3\paranamer-2.3.jar;D:\myRepository\m2\repository\com\jcraft\jsch\0.1.54\jsch-0.1.54.jar;D:\myRepository\m2\repository\org\apache\curator\curator-client\2.7.1\curator-client-2.7.1.jar;D:\myRepository\m2\repository\org\apache\curator\curator-recipes\2.7.1\curator-recipes-2.7.1.jar;D:\myRepository\m2\repository\com\google\code\findbugs\jsr305\3.0.0\jsr305-3.0.0.jar;D:\myRepository\m2\repository\org\apache\commons\commons-compress\1.4.1\commons-compress-1.4.1.jar;D:\myRepository\m2\repository\org\tukaani\xz\1.0\xz-1.0.jar;D:\myRepository\m2\repository\org\apache\yetus\audience-annotations\0.5.0\audience-annotations-0.5.0.jar;D:\myRepository\m2\repository\org\springframework\boot\spring-boot-starter\1.5.18.RELEASE\spring-boot-starter-1.5.18.RELEASE.jar;D:\myRepository\m2\repository\org\springframework\boot\spring-boot\1.5.18.RELEASE\spring-boot-1.5.18.RELEASE.jar;D:\myRepository\m2\repository\org\springframework\boot\spring-boot-autoconfigure\1.5.18.RELEASE\spring-boot-autoconfigure-1.5.18.RELEASE.jar;D:\myRepository\m2\repository\org\yaml\snakeyaml\1.17\snakeyaml-1.17.jar;D:\myRepository\m2\repository\org\springframework\boot\spring-boot-starter-log4j2\1.5.18.RELEASE\spring-boot-starter-log4j2-1.5.18.RELEASE.jar;D:\myRepository\m2\repository\org\apache\logging\log4j\log4j-slf4j-impl\2.7\log4j-slf4j-impl-2.7.jar;D:\myRepository\m2\repository\org\apache\logging\log4j\log4j-api\2.7\log4j-api-2.7.jar;D:\myRepository\m2\repository\org\apache\logging\log4j\log4j-core\2.7\log4j-core-2.7.jar;D:\myRepository\m2\repository\org\slf4j\jcl-over-slf4j\1.7.25\jcl-over-slf4j-1.7.25.jar;D:\myRepository\m2\repository\org\slf4j\jul-to-slf4j\1.7.25\jul-to-slf4j-1.7.25.jar;D:\myRepository\m2\repository\com\lmax\disruptor\3.4.2\disruptor-3.4.2.jar;D:\myRepository\m2\repository\org\apache\logging\log4j\log4j-web\2.10.0\log4j-web-2.10.0.jar;"/>
    <property name="java.specification.name" value="Java Platform API Specification"/>
    <property name="java.class.version" value="52.0"/>
    <property name="sun.management.compiler" value="HotSpot 64-Bit Tiered Compilers"/>
    <property name="os.version" value="6.1"/>
    <property name="user.home" value="C:\Users\eversec"/>
    <property name="user.timezone" value="Asia/Shanghai"/>
    <property name="java.awt.printerjob" value="sun.awt.windows.WPrinterJob"/>
    <property name="java.specification.version" value="1.8"/>
    <property name="file.encoding" value="GBK"/>
    <property name="user.name" value="eversec"/>
    <property name="java.class.path" value="D:\software\sts-bundle\sts-3.9.6.RELEASE\plugins\org.eclipse.m2e.maven.runtime_1.9.1.20180912-1600\jars\plexus-classworlds-2.5.2.jar"/>
    <property name="java.vm.specification.version" value="1.8"/>
    <property name="sun.arch.data.model" value="64"/>
    <property name="java.home" value="C:\Program Files\Java\jdk1.8.0_131\jre"/>
    <property name="sun.java.command" value="org.codehaus.plexus.classworlds.launcher.Launcher -B -gs D:\apache-maven-3.6.0\conf\settings.xml -s D:\apache-maven-3.6.0\conf\settings.xml install"/>
    <property name="java.specification.vendor" value="Oracle Corporation"/>
    <property name="user.language" value="zh"/>
    <property name="awt.toolkit" value="sun.awt.windows.WToolkit"/>
    <property name="java.vm.info" value="mixed mode"/>
    <property name="java.version" value="1.8.0_131"/>
    <property name="java.ext.dirs" value="C:\Program Files\Java\jdk1.8.0_131\jre\lib\ext;C:\Windows\Sun\Java\lib\ext"/>
    <property name="sun.boot.class.path" value="C:\Program Files\Java\jdk1.8.0_131\jre\lib\resources.jar;C:\Program Files\Java\jdk1.8.0_131\jre\lib\rt.jar;C:\Program Files\Java\jdk1.8.0_131\jre\lib\sunrsasign.jar;C:\Program Files\Java\jdk1.8.0_131\jre\lib\jsse.jar;C:\Program Files\Java\jdk1.8.0_131\jre\lib\jce.jar;C:\Program Files\Java\jdk1.8.0_131\jre\lib\charsets.jar;C:\Program Files\Java\jdk1.8.0_131\jre\lib\jfr.jar;C:\Program Files\Java\jdk1.8.0_131\jre\classes"/>
    <property name="java.vendor" value="Oracle Corporation"/>
    <property name="maven.home" value="D:\workspace-sts-3.9.6.RELEASE\kafka\EMBEDDED"/>
    <property name="localRepository" value="D:\myRepository\m2\repository"/>
    <property name="file.separator" value="\"/>
    <property name="java.vendor.url.bug" value="http://bugreport.sun.com/bugreport/"/>
    <property name="sun.cpu.endian" value="little"/>
    <property name="sun.io.unicode.encoding" value="UnicodeLittle"/>
    <property name="sun.desktop" value="windows"/>
    <property name="sun.cpu.isalist" value="amd64"/>
  </properties>
  <testcase name="testHello" classname="com.gao.kafka.AppTest" time="0.004"/>
  <testcase name="testApp" classname="com.gao.kafka.AppTest" time="0"/>
</testsuite>